<?xml version="1.0" encoding="UTF-8"?>
<!-- Generated by org.testng.reporters.JUnitXMLReporter -->
<testsuite ignored="0" hostname="LAPTOP-6GR9DERM" failures="3" tests="5" name="Test" time="188.751" errors="0" timestamp="2022-11-17T17:41:59 IST">
  <testcase classname="com.MyShop.testcases.Verify_Create_Account" name="verifyCreatAccount" time="13.058">
    <failure type="java.lang.AssertionError" message="expected [true] but found [false]">
      <![CDATA[java.lang.AssertionError: expected [true] but found [false]
at com.MyShop.testcases.Verify_Create_Account.verifyCreatAccount(Verify_Create_Account.java:46)
at java.base/java.util.ArrayList.forEach(ArrayList.java:1511)
... Removed 31 stack frames]]>
    </failure>
  </testcase> <!-- verifyCreatAccount -->
  <testcase classname="com.MyShop.testcases.Verify_Create_Account" name="verifyLoginPage" time="17.917">
    <failure type="java.lang.AssertionError" message="expected [true] but found [false]">
      <![CDATA[java.lang.AssertionError: expected [true] but found [false]
at com.MyShop.testcases.Verify_Create_Account.verifyLoginPage(Verify_Create_Account.java:75)
at java.base/java.util.ArrayList.forEach(ArrayList.java:1511)
... Removed 31 stack frames]]>
    </failure>
  </testcase> <!-- verifyLoginPage -->
  <testcase classname="com.MyShop.testcases.Verify_Create_Account" name="verifysignOut" time="12.525"/>
  <testcase classname="com.MyShop.testcases.Verify_SearchProduct" name="verifySearchProduct" time="21.067"/>
  <testcase classname="com.MyShop.testcases.Verify_SearchProduct" name="verifyPayment" time="70.137">
    <failure type="org.openqa.selenium.ElementNotInteractableException" message="element not interactable
  (Session info: chrome=107.0.5304.107)
Build info: version: &amp;apos;4.1.1&amp;apos;, revision: &amp;apos;e8fcc2cecf&amp;apos;
System info: host: &amp;apos;LAPTOP-6GR9DERM&amp;apos;, ip: &amp;apos;192.168.57.237&amp;apos;, os.name: &amp;apos;Windows 11&amp;apos;, os.arch: &amp;apos;amd64&amp;apos;, os.version: &amp;apos;10.0&amp;apos;, java.version: &amp;apos;17.0.5&amp;apos;
Driver info: org.openqa.selenium.chrome.ChromeDriver
Command: [a3418401ee40fca402cec5a2501b1932, sendKeysToElement {id=060d6f5a-009b-4536-bff7-e677077c724f, value=[Ljava.lang.CharSequence;@c568f91}]
Capabilities {acceptInsecureCerts: false, browserName: chrome, browserVersion: 107.0.5304.107, chrome: {chromedriverVersion: 107.0.5304.62 (1eec40d3a576..., userDataDir: C:\Users\Meenakshi\AppData\...}, goog:chromeOptions: {debuggerAddress: localhost:57261}, javascriptEnabled: true, networkConnectionEnabled: false, pageLoadStrategy: normal, platform: WINDOWS, platformName: WINDOWS, proxy: Proxy(), se:cdp: ws://localhost:57261/devtoo..., se:cdpVersion: 107.0.5304.107, setWindowRect: true, strictFileInteractability: false, timeouts: {implicit: 0, pageLoad: 300000, script: 30000}, unhandledPromptBehavior: dismiss and notify, webauthn:extension:credBlob: true, webauthn:extension:largeBlob: true, webauthn:virtualAuthenticators: true}
Element: [[ChromeDriver: chrome on WINDOWS (a3418401ee40fca402cec5a2501b1932)] -&amp;gt; xpath: //div[@name=&amp;quot;shippingAddress.street.0&amp;quot;]/div/input]
Session ID: a3418401ee40fca402cec5a2501b1932">
      <![CDATA[org.openqa.selenium.ElementNotInteractableException: element not interactable
  (Session info: chrome=107.0.5304.107)
Build info: version: '4.1.1', revision: 'e8fcc2cecf'
System info: host: 'LAPTOP-6GR9DERM', ip: '192.168.57.237', os.name: 'Windows 11', os.arch: 'amd64', os.version: '10.0', java.version: '17.0.5'
Driver info: org.openqa.selenium.chrome.ChromeDriver
Command: [a3418401ee40fca402cec5a2501b1932, sendKeysToElement {id=060d6f5a-009b-4536-bff7-e677077c724f, value=[Ljava.lang.CharSequence;@c568f91}]
Capabilities {acceptInsecureCerts: false, browserName: chrome, browserVersion: 107.0.5304.107, chrome: {chromedriverVersion: 107.0.5304.62 (1eec40d3a576..., userDataDir: C:\Users\Meenakshi\AppData\...}, goog:chromeOptions: {debuggerAddress: localhost:57261}, javascriptEnabled: true, networkConnectionEnabled: false, pageLoadStrategy: normal, platform: WINDOWS, platformName: WINDOWS, proxy: Proxy(), se:cdp: ws://localhost:57261/devtoo..., se:cdpVersion: 107.0.5304.107, setWindowRect: true, strictFileInteractability: false, timeouts: {implicit: 0, pageLoad: 300000, script: 30000}, unhandledPromptBehavior: dismiss and notify, webauthn:extension:credBlob: true, webauthn:extension:largeBlob: true, webauthn:virtualAuthenticators: true}
Element: [[ChromeDriver: chrome on WINDOWS (a3418401ee40fca402cec5a2501b1932)] -> xpath: //div[@name="shippingAddress.street.0"]/div/input]
Session ID: a3418401ee40fca402cec5a2501b1932
at org.openqa.selenium.remote.codec.w3c.W3CHttpResponseCodec.createException(W3CHttpResponseCodec.java:200)
at org.openqa.selenium.remote.codec.w3c.W3CHttpResponseCodec.decode(W3CHttpResponseCodec.java:133)
at org.openqa.selenium.remote.codec.w3c.W3CHttpResponseCodec.decode(W3CHttpResponseCodec.java:53)
at org.openqa.selenium.remote.HttpCommandExecutor.execute(HttpCommandExecutor.java:184)
at org.openqa.selenium.remote.service.DriverCommandExecutor.invokeExecute(DriverCommandExecutor.java:167)
at org.openqa.selenium.remote.service.DriverCommandExecutor.execute(DriverCommandExecutor.java:142)
at org.openqa.selenium.remote.RemoteWebDriver.execute(RemoteWebDriver.java:543)
at org.openqa.selenium.remote.RemoteWebElement.execute(RemoteWebElement.java:251)
at org.openqa.selenium.remote.RemoteWebElement.sendKeys(RemoteWebElement.java:107)
at org.openqa.selenium.support.pagefactory.internal.LocatingElementHandler.invoke(LocatingElementHandler.java:52)
at jdk.proxy2/jdk.proxy2.$Proxy32.sendKeys(Unknown Source)
at com.MyShop.Pageobjects.Shipping_Address.enterAddress1(Shipping_Address.java:52)
at com.MyShop.testcases.Verify_SearchProduct.verifyPayment(Verify_SearchProduct.java:97)
at java.base/java.util.ArrayList.forEach(ArrayList.java:1511)
... Removed 35 stack frames]]>
    </failure>
  </testcase> <!-- verifyPayment -->
</testsuite> <!-- Test -->
