<?xml version="1.0" encoding="UTF-8"?>
<!-- Generated by org.testng.reporters.JUnitXMLReporter -->
<testsuite ignored="0" hostname="LAPTOP-6GR9DERM" failures="3" tests="5" name="Test" time="177.515" errors="0" timestamp="2022-11-18T22:53:05 IST">
  <testcase classname="com.MyShop.testcases.Verify_Create_Account" name="verifyCreatAccount" time="9.59">
    <failure type="java.lang.AssertionError" message="expected [true] but found [false]">
      <![CDATA[java.lang.AssertionError: expected [true] but found [false]
at com.MyShop.testcases.Verify_Create_Account.verifyCreatAccount(Verify_Create_Account.java:46)
at java.base/java.util.ArrayList.forEach(ArrayList.java:1541)
... Removed 35 stack frames]]>
    </failure>
  </testcase> <!-- verifyCreatAccount -->
  <testcase classname="com.MyShop.testcases.Verify_Create_Account" name="verifyLoginPage" time="14.65">
    <failure type="java.lang.IllegalArgumentException" message="File parameter &amp;apos;destFile is not writable: &amp;apos;C:\Users\Meenakshi\eclipse-workspace\MyShop\Screen Shots\verifyLoginPage.png&amp;apos;">
      <![CDATA[java.lang.IllegalArgumentException: File parameter 'destFile is not writable: 'C:\Users\Meenakshi\eclipse-workspace\MyShop\Screen Shots\verifyLoginPage.png'
at org.apache.commons.io.FileUtils.requireCanWrite(FileUtils.java:2619)
at org.apache.commons.io.FileUtils.copyFile(FileUtils.java:846)
at org.apache.commons.io.FileUtils.copyFile(FileUtils.java:756)
at com.MyShop.testcases.Baseclass.captureScreenShot(Baseclass.java:83)
at com.MyShop.testcases.Verify_Create_Account.verifyLoginPage(Verify_Create_Account.java:73)
at java.base/java.util.ArrayList.forEach(ArrayList.java:1541)
... Removed 31 stack frames]]>
    </failure>
  </testcase> <!-- verifyLoginPage -->
  <testcase classname="com.MyShop.testcases.Verify_Create_Account" name="verifysignOut" time="10.909"/>
  <testcase classname="com.MyShop.testcases.Verify_SearchProduct" name="verifySearchProduct" time="22.036"/>
  <testcase classname="com.MyShop.testcases.Verify_SearchProduct" name="verifyPayment" time="71.287">
    <failure type="org.openqa.selenium.ElementNotInteractableException" message="element not interactable
  (Session info: chrome=107.0.5304.107)
Build info: version: &amp;apos;4.1.1&amp;apos;, revision: &amp;apos;e8fcc2cecf&amp;apos;
System info: host: &amp;apos;LAPTOP-6GR9DERM&amp;apos;, ip: &amp;apos;192.168.57.237&amp;apos;, os.name: &amp;apos;Windows 11&amp;apos;, os.arch: &amp;apos;amd64&amp;apos;, os.version: &amp;apos;10.0&amp;apos;, java.version: &amp;apos;11.0.17&amp;apos;
Driver info: org.openqa.selenium.chrome.ChromeDriver
Command: [827c0c9965fe3fd6b39bb963dc1ae3d3, sendKeysToElement {id=316aff4c-29db-4b1c-9d48-db6af3ebb73b, value=[Ljava.lang.CharSequence;@7af0d91b}]
Capabilities {acceptInsecureCerts: false, browserName: chrome, browserVersion: 107.0.5304.107, chrome: {chromedriverVersion: 107.0.5304.62 (1eec40d3a576..., userDataDir: C:\Users\Meenakshi\AppData\...}, goog:chromeOptions: {debuggerAddress: localhost:52542}, javascriptEnabled: true, networkConnectionEnabled: false, pageLoadStrategy: normal, platform: WINDOWS, platformName: WINDOWS, proxy: Proxy(), se:cdp: ws://localhost:52542/devtoo..., se:cdpVersion: 107.0.5304.107, setWindowRect: true, strictFileInteractability: false, timeouts: {implicit: 0, pageLoad: 300000, script: 30000}, unhandledPromptBehavior: dismiss and notify, webauthn:extension:credBlob: true, webauthn:extension:largeBlob: true, webauthn:virtualAuthenticators: true}
Element: [[ChromeDriver: chrome on WINDOWS (827c0c9965fe3fd6b39bb963dc1ae3d3)] -&amp;gt; xpath: //div[@name=&amp;quot;shippingAddress.street.0&amp;quot;]/div/input]
Session ID: 827c0c9965fe3fd6b39bb963dc1ae3d3">
      <![CDATA[org.openqa.selenium.ElementNotInteractableException: element not interactable
  (Session info: chrome=107.0.5304.107)
Build info: version: '4.1.1', revision: 'e8fcc2cecf'
System info: host: 'LAPTOP-6GR9DERM', ip: '192.168.57.237', os.name: 'Windows 11', os.arch: 'amd64', os.version: '10.0', java.version: '11.0.17'
Driver info: org.openqa.selenium.chrome.ChromeDriver
Command: [827c0c9965fe3fd6b39bb963dc1ae3d3, sendKeysToElement {id=316aff4c-29db-4b1c-9d48-db6af3ebb73b, value=[Ljava.lang.CharSequence;@7af0d91b}]
Capabilities {acceptInsecureCerts: false, browserName: chrome, browserVersion: 107.0.5304.107, chrome: {chromedriverVersion: 107.0.5304.62 (1eec40d3a576..., userDataDir: C:\Users\Meenakshi\AppData\...}, goog:chromeOptions: {debuggerAddress: localhost:52542}, javascriptEnabled: true, networkConnectionEnabled: false, pageLoadStrategy: normal, platform: WINDOWS, platformName: WINDOWS, proxy: Proxy(), se:cdp: ws://localhost:52542/devtoo..., se:cdpVersion: 107.0.5304.107, setWindowRect: true, strictFileInteractability: false, timeouts: {implicit: 0, pageLoad: 300000, script: 30000}, unhandledPromptBehavior: dismiss and notify, webauthn:extension:credBlob: true, webauthn:extension:largeBlob: true, webauthn:virtualAuthenticators: true}
Element: [[ChromeDriver: chrome on WINDOWS (827c0c9965fe3fd6b39bb963dc1ae3d3)] -> xpath: //div[@name="shippingAddress.street.0"]/div/input]
Session ID: 827c0c9965fe3fd6b39bb963dc1ae3d3
at org.openqa.selenium.remote.codec.w3c.W3CHttpResponseCodec.createException(W3CHttpResponseCodec.java:200)
at org.openqa.selenium.remote.codec.w3c.W3CHttpResponseCodec.decode(W3CHttpResponseCodec.java:133)
at org.openqa.selenium.remote.codec.w3c.W3CHttpResponseCodec.decode(W3CHttpResponseCodec.java:53)
at org.openqa.selenium.remote.HttpCommandExecutor.execute(HttpCommandExecutor.java:184)
at org.openqa.selenium.remote.service.DriverCommandExecutor.invokeExecute(DriverCommandExecutor.java:167)
at org.openqa.selenium.remote.service.DriverCommandExecutor.execute(DriverCommandExecutor.java:142)
at org.openqa.selenium.remote.RemoteWebDriver.execute(RemoteWebDriver.java:543)
at org.openqa.selenium.remote.RemoteWebElement.execute(RemoteWebElement.java:251)
at org.openqa.selenium.remote.RemoteWebElement.sendKeys(RemoteWebElement.java:107)
at org.openqa.selenium.support.pagefactory.internal.LocatingElementHandler.invoke(LocatingElementHandler.java:52)
at com.sun.proxy.$Proxy29.sendKeys(Unknown Source)
at com.MyShop.Pageobjects.Shipping_Address.enterAddress1(Shipping_Address.java:52)
at com.MyShop.testcases.Verify_SearchProduct.verifyPayment(Verify_SearchProduct.java:97)
at java.base/java.util.ArrayList.forEach(ArrayList.java:1541)
... Removed 38 stack frames]]>
    </failure>
  </testcase> <!-- verifyPayment -->
</testsuite> <!-- Test -->
